fn KEYWORD
max IDENTIFIER
( SEPARATOR
num1 IDENTIFIER
: SEPARATOR
int KEYWORD
, SEPARATOR
num2 IDENTIFIER
: SEPARATOR
int KEYWORD
, SEPARATOR
num3 IDENTIFIER
: SEPARATOR
int KEYWORD
) SEPARATOR
-> SEPARATOR
int KEYWORD
{ SEPARATOR
var KEYWORD
res IDENTIFIER
: SEPARATOR
int KEYWORD
; SEPARATOR
if KEYWORD
( SEPARATOR
num1 IDENTIFIER
> OPERATOR
num2 IDENTIFIER
) SEPARATOR
{ SEPARATOR
if KEYWORD
( SEPARATOR
num1 IDENTIFIER
> OPERATOR
num3 IDENTIFIER
) SEPARATOR
{ SEPARATOR
res IDENTIFIER
= OPERATOR
num1 IDENTIFIER
; SEPARATOR
} SEPARATOR
else KEYWORD
{ SEPARATOR
res IDENTIFIER
= OPERATOR
num3 IDENTIFIER
; SEPARATOR
} SEPARATOR
} SEPARATOR
else KEYWORD
{ SEPARATOR
if KEYWORD
( SEPARATOR
num2 IDENTIFIER
> OPERATOR
num3 IDENTIFIER
) SEPARATOR
{ SEPARATOR
res IDENTIFIER
= OPERATOR
num2 IDENTIFIER
; SEPARATOR
} SEPARATOR
else KEYWORD
{ SEPARATOR
res IDENTIFIER
= OPERATOR
num3 IDENTIFIER
; SEPARATOR
} SEPARATOR
} SEPARATOR
return KEYWORD
res IDENTIFIER
; SEPARATOR
} SEPARATOR
fn KEYWORD
main IDENTIFIER
( SEPARATOR
) SEPARATOR
-> SEPARATOR
int KEYWORD
{ SEPARATOR
max IDENTIFIER
( SEPARATOR
1 LITERAL
, SEPARATOR
2 LITERAL
, SEPARATOR
3 LITERAL
) SEPARATOR
; SEPARATOR
return KEYWORD
1 LITERAL
; SEPARATOR
} SEPARATOR